<?xml version="1.0" encoding="UTF-8"?>
<!-- Generated by org.testng.reporters.JUnitReportReporter -->
<testsuite hostname="DESKTOP-R3AQQ5G" failures="0" tests="1" name="GETAPITests.ContactsAPIsTest" time="3.778" errors="0" timestamp="2025-06-21T16:51:35 GST" skipped="0">
  <testcase classname="GETAPITests.ContactsAPIsTest" name="getContactsAPIInvalidTokenTest1" time="3.778"/>
</testsuite> <!-- GETAPITests.ContactsAPIsTest -->
