<?xml version="1.0" encoding="UTF-8"?>
<!-- Generated by org.testng.reporters.JUnitReportReporter -->
<testsuite hostname="DESKTOP-R3AQQ5G" failures="0" tests="2" name="GETAPITests.ContactsAPIsTest" time="4.745" errors="0" timestamp="2025-06-20T15:30:00 GST" skipped="0">
  <testcase classname="GETAPITests.ContactsAPIsTest" name="getContactsAPIInvalidTokenTest" time="2.566"/>
  <testcase classname="GETAPITests.ContactsAPIsTest" name="getContactsAPITest" time="2.179"/>
</testsuite> <!-- GETAPITests.ContactsAPIsTest -->
